<?xml version="1.0" encoding="UTF-8"?>
<!-- Generated by org.testng.reporters.JUnitXMLReporter -->
<testsuite hostname="Vinods-MacBook-Pro.local" name="Test" tests="2" failures="2" timestamp="19 Oct 2019 18:13:02 GMT" time="3.99" errors="0">
  <testcase name="verifyGoogleLoginPage" time="0.243" classname="com.vinod.demo.tests.GoogleLoginTest">
    <failure type="java.lang.NullPointerException">
      <![CDATA[java.lang.NullPointerException
	at com.vinod.demo.tests.GoogleLoginTest.verifyGoogleLoginPage(GoogleLoginTest.java:15)
	at java.util.concurrent.Executors$RunnableAdapter.call(Executors.java:511)
	at java.util.concurrent.FutureTask.run(FutureTask.java:266)
	at java.util.concurrent.ThreadPoolExecutor.runWorker(ThreadPoolExecutor.java:1149)
	at java.util.concurrent.ThreadPoolExecutor$Worker.run(ThreadPoolExecutor.java:624)
	at java.lang.Thread.run(Thread.java:748)
... Removed 7 stack frames]]>
    </failure>
  </testcase> <!-- verifyGoogleLoginPage -->
  <testcase name="verifyGoogleLoginPage" time="0.005" classname="com.vinod.demo.tests.GoogleLoginTest">
    <failure type="java.lang.NullPointerException">
      <![CDATA[java.lang.NullPointerException
	at com.vinod.demo.tests.GoogleLoginTest.verifyGoogleLoginPage(GoogleLoginTest.java:15)
	at java.util.concurrent.Executors$RunnableAdapter.call(Executors.java:511)
	at java.util.concurrent.FutureTask.run(FutureTask.java:266)
	at java.util.concurrent.ThreadPoolExecutor.runWorker(ThreadPoolExecutor.java:1149)
	at java.util.concurrent.ThreadPoolExecutor$Worker.run(ThreadPoolExecutor.java:624)
	at java.lang.Thread.run(Thread.java:748)
... Removed 7 stack frames]]>
    </failure>
  </testcase> <!-- verifyGoogleLoginPage -->
</testsuite> <!-- Test -->
