<?xml version="1.0" encoding="UTF-8"?>
<testng-results skipped="0" failed="2" total="2" passed="0">
  <reporter-output>
  </reporter-output>
  <suite name="Suite" duration-ms="3990" started-at="2019-10-19T18:12:58Z" finished-at="2019-10-19T18:13:02Z">
    <groups>
    </groups>
    <test name="Test" duration-ms="3990" started-at="2019-10-19T18:12:58Z" finished-at="2019-10-19T18:13:02Z">
      <class name="com.vinod.demo.tests.GoogleLoginTest">
        <test-method status="PASS" signature="setTestConfiguration()[pri:0, instance:com.vinod.demo.tests.GoogleLoginTest@400cff1a]" name="setTestConfiguration" is-config="true" duration-ms="2269" started-at="2019-10-19T23:42:58Z" finished-at="2019-10-19T23:43:01Z">
          <reporter-output>
          </reporter-output>
        </test-method> <!-- setTestConfiguration -->
        <test-method status="FAIL" signature="verifyGoogleLoginPage(java.lang.String)[pri:0, instance:com.vinod.demo.tests.GoogleLoginTest@400cff1a]" name="verifyGoogleLoginPage" duration-ms="243" started-at="2019-10-19T23:43:01Z" data-provider="UserCredentials" finished-at="2019-10-19T23:43:01Z">
          <params>
            <param index="0">
              <value>
                <![CDATA[rao.vinodsingh@gmail.com]]>
              </value>
            </param>
          </params>
          <exception class="java.lang.NullPointerException">
            <full-stacktrace>
              <![CDATA[java.lang.NullPointerException
	at com.vinod.demo.tests.GoogleLoginTest.verifyGoogleLoginPage(GoogleLoginTest.java:15)
	at sun.reflect.NativeMethodAccessorImpl.invoke0(Native Method)
	at sun.reflect.NativeMethodAccessorImpl.invoke(NativeMethodAccessorImpl.java:62)
	at sun.reflect.DelegatingMethodAccessorImpl.invoke(DelegatingMethodAccessorImpl.java:43)
	at java.lang.reflect.Method.invoke(Method.java:498)
	at org.testng.internal.MethodInvocationHelper.invokeMethod(MethodInvocationHelper.java:86)
	at org.testng.internal.InvokeMethodRunnable.runOne(InvokeMethodRunnable.java:54)
	at org.testng.internal.InvokeMethodRunnable.run(InvokeMethodRunnable.java:44)
	at java.util.concurrent.Executors$RunnableAdapter.call(Executors.java:511)
	at java.util.concurrent.FutureTask.run(FutureTask.java:266)
	at java.util.concurrent.ThreadPoolExecutor.runWorker(ThreadPoolExecutor.java:1149)
	at java.util.concurrent.ThreadPoolExecutor$Worker.run(ThreadPoolExecutor.java:624)
	at java.lang.Thread.run(Thread.java:748)
]]>
            </full-stacktrace>
          </exception> <!-- java.lang.NullPointerException -->
          <reporter-output>
          </reporter-output>
        </test-method> <!-- verifyGoogleLoginPage -->
        <test-method status="PASS" signature="closeBrowser()[pri:0, instance:com.vinod.demo.tests.GoogleLoginTest@400cff1a]" name="closeBrowser" is-config="true" duration-ms="107" started-at="2019-10-19T23:43:01Z" finished-at="2019-10-19T23:43:01Z">
          <reporter-output>
          </reporter-output>
        </test-method> <!-- closeBrowser -->
        <test-method status="PASS" signature="setTestConfiguration()[pri:0, instance:com.vinod.demo.tests.GoogleLoginTest@400cff1a]" name="setTestConfiguration" is-config="true" duration-ms="1234" started-at="2019-10-19T23:43:01Z" finished-at="2019-10-19T23:43:02Z">
          <reporter-output>
          </reporter-output>
        </test-method> <!-- setTestConfiguration -->
        <test-method status="FAIL" signature="verifyGoogleLoginPage(java.lang.String)[pri:0, instance:com.vinod.demo.tests.GoogleLoginTest@400cff1a]" name="verifyGoogleLoginPage" duration-ms="5" started-at="2019-10-19T23:43:02Z" data-provider="UserCredentials" finished-at="2019-10-19T23:43:02Z">
          <params>
            <param index="0">
              <value>
                <![CDATA[knock2vsr@gmail.com]]>
              </value>
            </param>
          </params>
          <exception class="java.lang.NullPointerException">
            <full-stacktrace>
              <![CDATA[java.lang.NullPointerException
	at com.vinod.demo.tests.GoogleLoginTest.verifyGoogleLoginPage(GoogleLoginTest.java:15)
	at sun.reflect.NativeMethodAccessorImpl.invoke0(Native Method)
	at sun.reflect.NativeMethodAccessorImpl.invoke(NativeMethodAccessorImpl.java:62)
	at sun.reflect.DelegatingMethodAccessorImpl.invoke(DelegatingMethodAccessorImpl.java:43)
	at java.lang.reflect.Method.invoke(Method.java:498)
	at org.testng.internal.MethodInvocationHelper.invokeMethod(MethodInvocationHelper.java:86)
	at org.testng.internal.InvokeMethodRunnable.runOne(InvokeMethodRunnable.java:54)
	at org.testng.internal.InvokeMethodRunnable.run(InvokeMethodRunnable.java:44)
	at java.util.concurrent.Executors$RunnableAdapter.call(Executors.java:511)
	at java.util.concurrent.FutureTask.run(FutureTask.java:266)
	at java.util.concurrent.ThreadPoolExecutor.runWorker(ThreadPoolExecutor.java:1149)
	at java.util.concurrent.ThreadPoolExecutor$Worker.run(ThreadPoolExecutor.java:624)
	at java.lang.Thread.run(Thread.java:748)
]]>
            </full-stacktrace>
          </exception> <!-- java.lang.NullPointerException -->
          <reporter-output>
          </reporter-output>
        </test-method> <!-- verifyGoogleLoginPage -->
        <test-method status="PASS" signature="closeBrowser()[pri:0, instance:com.vinod.demo.tests.GoogleLoginTest@400cff1a]" name="closeBrowser" is-config="true" duration-ms="88" started-at="2019-10-19T23:43:02Z" finished-at="2019-10-19T23:43:02Z">
          <reporter-output>
          </reporter-output>
        </test-method> <!-- closeBrowser -->
      </class> <!-- com.vinod.demo.tests.GoogleLoginTest -->
    </test> <!-- Test -->
  </suite> <!-- Suite -->
</testng-results>
